<?xml version="1.0" encoding="UTF-8"?>
<testsuite name="irods.test.test_irods_resource_plugin_s3_minio.Test_Compound_With_S3_Resource_EU_Central_1-20240427031446" tests="1" time="15.914" failures="1" errors="0">
	<testcase classname="irods.test.test_irods_resource_plugin_s3_minio.Test_Compound_With_S3_Resource_EU_Central_1" name="test_irepl_over_existing_third_replica__ticket_1705" time="15.914">
		<failure type="AssertionError" message=""><![CDATA[Traceback (most recent call last):
  File "/var/lib/irods/scripts/irods/test/resource_suite_s3_cache.py", line 304, in test_irepl_over_existing_third_replica__ticket_1705
    self.admin.assert_icommand(['irepl', filename], 'STDERR', 'SYS_NOT_ALLOWED') # replicate overtop default resource
  File "/var/lib/irods/scripts/irods/test/session.py", line 164, in assert_icommand
    return assert_command(*args, **kwargs)
  File "/var/lib/irods/scripts/irods/test/command.py", line 77, in assert_command
    return _assert_helper(*args, should_fail=False, **kwargs)
  File "/var/lib/irods/scripts/irods/test/command.py", line 105, in _assert_helper
    assert result
AssertionError

Stdout:
 --- IrodsSession: icommand executed by [rods#tempZone] [iinit] --- 
Assert Command: iinit
Expecting STDOUT_SINGLELINE: ['']
  stdout:
    | WARNING: Error 25 disabling echo mode. Password will be displayed in plaintext.
    | Enter your current iRODS password:
  stderr:
    | 
Output found

 --- IrodsSession: icommand executed by [rods#tempZone] [iadmin modresc demoResc name origResc] --- 
Assert Command: iadmin modresc demoResc name origResc
Expecting STDOUT_SINGLELINE: ['rename']
  stdout:
    | If you modify a resource name, you and other users will need to
    | change your irods_environment.json files to use it, you may need to update
    | server_config.json and, if rules use the resource name, you'll need to
    | update the core rules (core.re).  This command will update various
    | tables with the new name.
    | Do you really want to modify the resource name? (enter y or yes to do so):OK, performing the resource rename
  stderr:
    | 
Output found

 --- IrodsSession: icommand executed by [rods#tempZone] [iadmin mkresc demoResc compound] --- 
Assert Command: iadmin mkresc demoResc compound
Expecting STDOUT_SINGLELINE: ['compound']
  stdout:
    | Creating resource:
    | Name:		"demoResc"
    | Type:		"compound"
    | Host:		""
    | Path:		""
    | Context:	""
  stderr:
    | 
Output found

 --- IrodsSession: icommand executed by [rods#tempZone] [iadmin mkresc cacheResc 'unixfilesystem' 7637588fa5f5:/var/lib/irods/cacheRescVault] --- 
Assert Command: iadmin mkresc cacheResc 'unixfilesystem' 7637588fa5f5:/var/lib/irods/cacheRescVault
Expecting STDOUT_SINGLELINE: ['cacheResc']
  stdout:
    | Creating resource:
    | Name:		"cacheResc"
    | Type:		"unixfilesystem"
    | Host:		"7637588fa5f5"
    | Path:		"/var/lib/irods/cacheRescVault"
    | Context:	""
  stderr:
    | 
Output found

 --- IrodsSession: icommand executed by [rods#tempZone] [iadmin mkresc archiveResc s3 7637588fa5f5:/irods-ci-ubuntu-2204-2024-04-2703-14-46-257922-zpqkbprcoj/irods/Vault "S3_RETRY_COUNT=15;S3_WAIT_TIME_SECONDS=1;S3_PROTO=HTTP;S3_MPU_CHUNK=10;S3_MPU_THREADS=4;S3_ENABLE_MD5=1;S3_STSDATE=;S3_DEFAULT_HOSTNAME=localhost:9001;S3_AUTH_FILE=/var/lib/irods/minio.keypair;S3_REGIONNAME=eu-central-1;ARCHIVE_NAMING_POLICY=consistent"] --- 
Assert Command: iadmin mkresc archiveResc s3 7637588fa5f5:/irods-ci-ubuntu-2204-2024-04-2703-14-46-257922-zpqkbprcoj/irods/Vault "S3_RETRY_COUNT=15;S3_WAIT_TIME_SECONDS=1;S3_PROTO=HTTP;S3_MPU_CHUNK=10;S3_MPU_THREADS=4;S3_ENABLE_MD5=1;S3_STSDATE=;S3_DEFAULT_HOSTNAME=localhost:9001;S3_AUTH_FILE=/var/lib/irods/minio.keypair;S3_REGIONNAME=eu-central-1;ARCHIVE_NAMING_POLICY=consistent"
Expecting STDOUT_SINGLELINE: ['archiveResc']
  stdout:
    | Creating resource:
    | Name:		"archiveResc"
    | Type:		"s3"
    | Host:		"7637588fa5f5"
    | Path:		"/irods-ci-ubuntu-2204-2024-04-2703-14-46-257922-zpqkbprcoj/irods/Vault"
    | Context:	"S3_RETRY_COUNT=15;S3_WAIT_TIME_SECONDS=1;S3_PROTO=HTTP;S3_MPU_CHUNK=10;S3_MPU_THREADS=4;S3_ENABLE_MD5=1;S3_STSDATE=;S3_DEFAULT_HOSTNAME=localhost:9001;S3_AUTH_FILE=/var/lib/irods/minio.keypair;S3_REGIONNAME=eu-central-1;ARCHIVE_NAMING_POLICY=consistent"
  stderr:
    | 
Output found

 --- IrodsSession: icommand executed by [rods#tempZone] [iadmin addchildtoresc demoResc cacheResc cache] --- 
Assert Command: iadmin addchildtoresc demoResc cacheResc cache
Expecting EMPTY: ['']
  stdout:
    | 
  stderr:
    | 
Output found

 --- IrodsSession: icommand executed by [rods#tempZone] [iadmin addchildtoresc demoResc archiveResc archive] --- 
Assert Command: iadmin addchildtoresc demoResc archiveResc archive
Expecting EMPTY: ['']
  stdout:
    | 
  stderr:
    | 
Output found

 --- IrodsSession: icommand executed by [rods#tempZone] [iinit] --- 
Assert Command: iinit
Expecting STDOUT_SINGLELINE: ['']
  stdout:
    | WARNING: Error 25 disabling echo mode. Password will be displayed in plaintext.
    | Enter your current iRODS password:
  stderr:
    | 
Output found

 --- IrodsSession: icommand executed by [rods#tempZone] [iinit] --- 
Assert Command: iinit
Expecting STDOUT_SINGLELINE: ['']
  stdout:
    | WARNING: Error 25 disabling echo mode. Password will be displayed in plaintext.
    | Enter your current iRODS password:
  stderr:
    | 
Output found

 --- IrodsSession: icommand executed by [rods#tempZone] [iadmin mkuser otherrods rodsadmin] --- 
Assert Command: iadmin mkuser otherrods rodsadmin
Expecting EMPTY: ['']
  stdout:
    | 
  stderr:
    | 
Output found

 --- IrodsSession: icommand executed by [rods#tempZone] [iadmin moduser otherrods password rods] --- 
Assert Command: iadmin moduser otherrods password rods
Expecting EMPTY: ['']
  stdout:
    | 
  stderr:
    | 
Output found

 --- IrodsSession: icommand executed by [otherrods#tempZone] [iinit] --- 
Assert Command: iinit
Expecting STDOUT_SINGLELINE: ['']
  stdout:
    | WARNING: Error 25 disabling echo mode. Password will be displayed in plaintext.
    | Enter your current iRODS password:
  stderr:
    | 
Output found

 --- IrodsSession: icommand executed by [otherrods#tempZone] [imkdir /tempZone/home/otherrods/2024-04-27Z03:14:48--irods-testing-xucta8tf] --- 
Assert Command: imkdir /tempZone/home/otherrods/2024-04-27Z03:14:48--irods-testing-xucta8tf
Expecting EMPTY: ['']
  stdout:
    | 
  stderr:
    | 
Output found

 --- IrodsSession: icommand executed by [otherrods#tempZone] [icd /tempZone/home/otherrods/2024-04-27Z03:14:48--irods-testing-xucta8tf] --- 
Assert Command: icd /tempZone/home/otherrods/2024-04-27Z03:14:48--irods-testing-xucta8tf
Expecting EMPTY: ['']
  stdout:
    | 
  stderr:
    | 
Output found

 --- IrodsSession: icommand executed by [rods#tempZone] [iinit] --- 
Assert Command: iinit
Expecting STDOUT_SINGLELINE: ['']
  stdout:
    | WARNING: Error 25 disabling echo mode. Password will be displayed in plaintext.
    | Enter your current iRODS password:
  stderr:
    | 
Output found

 --- IrodsSession: icommand executed by [rods#tempZone] [iadmin mkuser alice rodsuser] --- 
Assert Command: iadmin mkuser alice rodsuser
Expecting EMPTY: ['']
  stdout:
    | 
  stderr:
    | 
Output found

 --- IrodsSession: icommand executed by [rods#tempZone] [iadmin moduser alice password apass] --- 
Assert Command: iadmin moduser alice password apass
Expecting EMPTY: ['']
  stdout:
    | 
  stderr:
    | 
Output found

 --- IrodsSession: icommand executed by [alice#tempZone] [iinit] --- 
Assert Command: iinit
Expecting STDOUT_SINGLELINE: ['']
  stdout:
    | WARNING: Error 25 disabling echo mode. Password will be displayed in plaintext.
    | Enter your current iRODS password:
  stderr:
    | 
Output found

 --- IrodsSession: icommand executed by [alice#tempZone] [imkdir /tempZone/home/alice/2024-04-27Z03:14:50--irods-testing-hkbf9alx] --- 
Assert Command: imkdir /tempZone/home/alice/2024-04-27Z03:14:50--irods-testing-hkbf9alx
Expecting EMPTY: ['']
  stdout:
    | 
  stderr:
    | 
Output found

 --- IrodsSession: icommand executed by [alice#tempZone] [icd /tempZone/home/alice/2024-04-27Z03:14:50--irods-testing-hkbf9alx] --- 
Assert Command: icd /tempZone/home/alice/2024-04-27Z03:14:50--irods-testing-hkbf9alx
Expecting EMPTY: ['']
  stdout:
    | 
  stderr:
    | 
Output found

 --- IrodsSession: icommand executed by [rods#tempZone] [iinit] --- 
Assert Command: iinit
Expecting STDOUT_SINGLELINE: ['']
  stdout:
    | WARNING: Error 25 disabling echo mode. Password will be displayed in plaintext.
    | Enter your current iRODS password:
  stderr:
    | 
Output found

 --- IrodsSession: icommand executed by [rods#tempZone] [iadmin mkuser bobby rodsuser] --- 
Assert Command: iadmin mkuser bobby rodsuser
Expecting EMPTY: ['']
  stdout:
    | 
  stderr:
    | 
Output found

 --- IrodsSession: icommand executed by [rods#tempZone] [iadmin moduser bobby password bpass] --- 
Assert Command: iadmin moduser bobby password bpass
Expecting EMPTY: ['']
  stdout:
    | 
  stderr:
    | 
Output found

 --- IrodsSession: icommand executed by [bobby#tempZone] [iinit] --- 
Assert Command: iinit
Expecting STDOUT_SINGLELINE: ['']
  stdout:
    | WARNING: Error 25 disabling echo mode. Password will be displayed in plaintext.
    | Enter your current iRODS password:
  stderr:
    | 
Output found

 --- IrodsSession: icommand executed by [bobby#tempZone] [imkdir /tempZone/home/bobby/2024-04-27Z03:14:51--irods-testing-95jm5b1v] --- 
Assert Command: imkdir /tempZone/home/bobby/2024-04-27Z03:14:51--irods-testing-95jm5b1v
Expecting EMPTY: ['']
  stdout:
    | 
  stderr:
    | 
Output found

 --- IrodsSession: icommand executed by [bobby#tempZone] [icd /tempZone/home/bobby/2024-04-27Z03:14:51--irods-testing-95jm5b1v] --- 
Assert Command: icd /tempZone/home/bobby/2024-04-27Z03:14:51--irods-testing-95jm5b1v
Expecting EMPTY: ['']
  stdout:
    | 
  stderr:
    | 
Output found

run_resource_setup - BEGIN
 --- IrodsSession: icommand executed by [otherrods#tempZone] [iadmin mkresc TestResc unixfilesystem 7637588fa5f5:/tmp/irods/TestResc] --- 
Assert Command: iadmin mkresc TestResc unixfilesystem 7637588fa5f5:/tmp/irods/TestResc
Expecting STDOUT_SINGLELINE: ['unixfilesystem']
  stdout:
    | Creating resource:
    | Name:		"TestResc"
    | Type:		"unixfilesystem"
    | Host:		"7637588fa5f5"
    | Path:		"/tmp/irods/TestResc"
    | Context:	""
  stderr:
    | 
Output found

 --- IrodsSession: icommand executed by [otherrods#tempZone] [iadmin mkresc AnotherResc unixfilesystem 7637588fa5f5:/tmp/irods/AnotherResc] --- 
Assert Command: iadmin mkresc AnotherResc unixfilesystem 7637588fa5f5:/tmp/irods/AnotherResc
Expecting STDOUT_SINGLELINE: ['unixfilesystem']
  stdout:
    | Creating resource:
    | Name:		"AnotherResc"
    | Type:		"unixfilesystem"
    | Host:		"7637588fa5f5"
    | Path:		"/tmp/irods/AnotherResc"
    | Context:	""
  stderr:
    | 
Output found

 --- IrodsSession: icommand executed by [otherrods#tempZone] [imkdir testdir] --- 
Assert Command: imkdir testdir
Expecting EMPTY: ['']
  stdout:
    | 
  stderr:
    | 
Output found

 --- IrodsSession: icommand executed by [otherrods#tempZone] [iput testfile.txt] --- 
Assert Command: iput testfile.txt
Expecting EMPTY: ['']
  stdout:
    | 
  stderr:
    | 
Output found

 --- IrodsSession: icommand executed by [otherrods#tempZone] [icp testfile.txt ../../public/] --- 
Assert Command: icp testfile.txt ../../public/
Expecting EMPTY: ['']
  stdout:
    | 
  stderr:
    | 
Output found

 --- IrodsSession: icommand executed by [otherrods#tempZone] [ichmod read alice ../../public/testfile.txt] --- 
Assert Command: ichmod read alice ../../public/testfile.txt
Expecting EMPTY: ['']
  stdout:
    | 
  stderr:
    | 
Output found

 --- IrodsSession: icommand executed by [otherrods#tempZone] [ichmod write bobby ../../public/testfile.txt] --- 
Assert Command: ichmod write bobby ../../public/testfile.txt
Expecting EMPTY: ['']
  stdout:
    | 
  stderr:
    | 
Output found

run_resource_setup - END
 --- IrodsSession: icommand executed by [otherrods#tempZone] [iadmin mkresc thirdresc unixfilesystem 7637588fa5f5:/tmp/thirdrescVault] --- 
Assert Command: iadmin mkresc thirdresc unixfilesystem 7637588fa5f5:/tmp/thirdrescVault
Expecting STDOUT_SINGLELINE: ['Creating']
  stdout:
    | Creating resource:
    | Name:		"thirdresc"
    | Type:		"unixfilesystem"
    | Host:		"7637588fa5f5"
    | Path:		"/tmp/thirdrescVault"
    | Context:	""
  stderr:
    | 
Output found

 --- IrodsSession: icommand executed by [otherrods#tempZone] [ils -L thirdreplicatest.txt] --- 
Assert Command: ils -L thirdreplicatest.txt
Expecting STDERR_SINGLELINE: ['does not exist']
  stdout:
    | 
  stderr:
    | remote addresses: 10.201.43.25 ERROR: lsUtil: srcPath /tempZone/home/otherrods/2024-04-27Z03:14:48--irods-testing-xucta8tf/thirdreplicatest.txt does not exist or user lacks access permission
Output found

 --- IrodsSession: icommand executed by [otherrods#tempZone] [iput thirdreplicatest.txt] --- 
Assert Command: iput thirdreplicatest.txt
Expecting EMPTY: ['']
  stdout:
    | 
  stderr:
    | 
Output found

 --- IrodsSession: icommand executed by [otherrods#tempZone] [irepl -R TestResc thirdreplicatest.txt] --- 
Assert Command: irepl -R TestResc thirdreplicatest.txt
Expecting EMPTY: ['']
  stdout:
    | 
  stderr:
    | 
Output found

 --- IrodsSession: icommand executed by [otherrods#tempZone] [irepl -R thirdresc thirdreplicatest.txt] --- 
Assert Command: irepl -R thirdresc thirdreplicatest.txt
Expecting EMPTY: ['']
  stdout:
    | 
  stderr:
    | 
Output found

 --- IrodsSession: icommand executed by [otherrods#tempZone] [irepl thirdreplicatest.txt] --- 
Assert Command: irepl thirdreplicatest.txt
Expecting STDERR: ['SYS_NOT_ALLOWED']
  stdout:
    | 
  stderr:
    | 
Output not found

FAILED TESTING ASSERTION


run_resource_teardown - BEGIN
 --- IrodsSession: icommand executed by [otherrods#tempZone] [icd] --- 
 --- IrodsSession: icommand executed by [otherrods#tempZone] [irm testfile.txt ../public/testfile.txt] --- 
 --- IrodsSession: icommand executed by [otherrods#tempZone] [irm -rf ../../bundle] --- 
 --- IrodsSession: icommand executed by [rods#tempZone] [iinit] --- 
Assert Command: iinit
Expecting STDOUT_SINGLELINE: ['']
  stdout:
    | WARNING: Error 25 disabling echo mode. Password will be displayed in plaintext.
    | Enter your current iRODS password:
  stderr:
    | 
Output found

 --- IrodsSession: icommand executed by [otherrods#tempZone] [icd] --- 
Assert Command: icd
Expecting EMPTY: ['']
  stdout:
    | 
  stderr:
    | 
Output found

 --- IrodsSession: icommand executed by [otherrods#tempZone] [irm -rf /tempZone/home/otherrods/2024-04-27Z03:14:48--irods-testing-xucta8tf] --- 
Assert Command: irm -rf /tempZone/home/otherrods/2024-04-27Z03:14:48--irods-testing-xucta8tf
Expecting EMPTY: ['']
  stdout:
    | 
  stderr:
    | 
Output found

 --- IrodsSession: icommand executed by [otherrods#tempZone] [irmtrash] --- 
Assert Command: irmtrash
Expecting EMPTY: ['']
  stdout:
    | 
  stderr:
    | 
Output found

 --- IrodsSession: icommand executed by [rods#tempZone] [iadmin rmuser otherrods] --- 
Assert Command: iadmin rmuser otherrods
Expecting EMPTY: ['']
  stdout:
    | 
  stderr:
    | 
Output found

 --- IrodsSession: icommand executed by [alice#tempZone] [icd] --- 
Assert Command: icd
Expecting EMPTY: ['']
  stdout:
    | 
  stderr:
    | 
Output found

 --- IrodsSession: icommand executed by [alice#tempZone] [irm -rf /tempZone/home/alice/2024-04-27Z03:14:50--irods-testing-hkbf9alx] --- 
Assert Command: irm -rf /tempZone/home/alice/2024-04-27Z03:14:50--irods-testing-hkbf9alx
Expecting EMPTY: ['']
  stdout:
    | 
  stderr:
    | 
Output found

 --- IrodsSession: icommand executed by [alice#tempZone] [irmtrash] --- 
Assert Command: irmtrash
Expecting EMPTY: ['']
  stdout:
    | 
  stderr:
    | 
Output found

 --- IrodsSession: icommand executed by [rods#tempZone] [iadmin rmuser alice] --- 
Assert Command: iadmin rmuser alice
Expecting EMPTY: ['']
  stdout:
    | 
  stderr:
    | 
Output found

 --- IrodsSession: icommand executed by [bobby#tempZone] [icd] --- 
Assert Command: icd
Expecting EMPTY: ['']
  stdout:
    | 
  stderr:
    | 
Output found

 --- IrodsSession: icommand executed by [bobby#tempZone] [irm -rf /tempZone/home/bobby/2024-04-27Z03:14:51--irods-testing-95jm5b1v] --- 
Assert Command: irm -rf /tempZone/home/bobby/2024-04-27Z03:14:51--irods-testing-95jm5b1v
Expecting EMPTY: ['']
  stdout:
    | 
  stderr:
    | 
Output found

 --- IrodsSession: icommand executed by [bobby#tempZone] [irmtrash] --- 
Assert Command: irmtrash
Expecting EMPTY: ['']
  stdout:
    | 
  stderr:
    | 
Output found

 --- IrodsSession: icommand executed by [rods#tempZone] [iadmin rmuser bobby] --- 
Assert Command: iadmin rmuser bobby
Expecting EMPTY: ['']
  stdout:
    | 
  stderr:
    | 
Output found

 --- IrodsSession: icommand executed by [rods#tempZone] [iinit] --- 
Assert Command: iinit
Expecting STDOUT_SINGLELINE: ['']
  stdout:
    | WARNING: Error 25 disabling echo mode. Password will be displayed in plaintext.
    | Enter your current iRODS password:
  stderr:
    | 
Output found

 --- IrodsSession: icommand executed by [rods#tempZone] [irmtrash -M] --- 
 --- IrodsSession: icommand executed by [rods#tempZone] [iadmin rmresc TestResc] --- 
 --- IrodsSession: icommand executed by [rods#tempZone] [iadmin rmresc AnotherResc] --- 
run_resource_teardown - END
 --- IrodsSession: icommand executed by [rods#tempZone] [iinit] --- 
Assert Command: iinit
Expecting STDOUT_SINGLELINE: ['']
  stdout:
    | WARNING: Error 25 disabling echo mode. Password will be displayed in plaintext.
    | Enter your current iRODS password:
  stderr:
    | 
Output found

 --- IrodsSession: icommand executed by [rods#tempZone] [iadmin rmchildfromresc demoResc archiveResc] --- 
Assert Command: iadmin rmchildfromresc demoResc archiveResc
Expecting EMPTY: ['']
  stdout:
    | 
  stderr:
    | 
Output found

 --- IrodsSession: icommand executed by [rods#tempZone] [iadmin rmchildfromresc demoResc cacheResc] --- 
Assert Command: iadmin rmchildfromresc demoResc cacheResc
Expecting EMPTY: ['']
  stdout:
    | 
  stderr:
    | 
Output found

 --- IrodsSession: icommand executed by [rods#tempZone] [iadmin rmresc archiveResc] --- 
Assert Command: iadmin rmresc archiveResc
Expecting EMPTY: ['']
  stdout:
    | 
  stderr:
    | 
Output found

 --- IrodsSession: icommand executed by [rods#tempZone] [iadmin rmresc cacheResc] --- 
Assert Command: iadmin rmresc cacheResc
Expecting EMPTY: ['']
  stdout:
    | 
  stderr:
    | 
Output found

 --- IrodsSession: icommand executed by [rods#tempZone] [iadmin rmresc demoResc] --- 
Assert Command: iadmin rmresc demoResc
Expecting EMPTY: ['']
  stdout:
    | 
  stderr:
    | 
Output found

 --- IrodsSession: icommand executed by [rods#tempZone] [iadmin modresc origResc name demoResc] --- 
Assert Command: iadmin modresc origResc name demoResc
Expecting STDOUT_SINGLELINE: ['rename']
  stdout:
    | If you modify a resource name, you and other users will need to
    | change your irods_environment.json files to use it, you may need to update
    | server_config.json and, if rules use the resource name, you'll need to
    | update the core rules (core.re).  This command will update various
    | tables with the new name.
    | Do you really want to modify the resource name? (enter y or yes to do so):OK, performing the resource rename
  stderr:
    | 
Output found

]]></failure>
	</testcase>
	<system-out><![CDATA[ --- IrodsSession: icommand executed by [rods#tempZone] [iinit] --- 
Assert Command: iinit
Expecting STDOUT_SINGLELINE: ['']
  stdout:
    | WARNING: Error 25 disabling echo mode. Password will be displayed in plaintext.
    | Enter your current iRODS password:
  stderr:
    | 
Output found

 --- IrodsSession: icommand executed by [rods#tempZone] [iadmin modresc demoResc name origResc] --- 
Assert Command: iadmin modresc demoResc name origResc
Expecting STDOUT_SINGLELINE: ['rename']
  stdout:
    | If you modify a resource name, you and other users will need to
    | change your irods_environment.json files to use it, you may need to update
    | server_config.json and, if rules use the resource name, you'll need to
    | update the core rules (core.re).  This command will update various
    | tables with the new name.
    | Do you really want to modify the resource name? (enter y or yes to do so):OK, performing the resource rename
  stderr:
    | 
Output found

 --- IrodsSession: icommand executed by [rods#tempZone] [iadmin mkresc demoResc compound] --- 
Assert Command: iadmin mkresc demoResc compound
Expecting STDOUT_SINGLELINE: ['compound']
  stdout:
    | Creating resource:
    | Name:		"demoResc"
    | Type:		"compound"
    | Host:		""
    | Path:		""
    | Context:	""
  stderr:
    | 
Output found

 --- IrodsSession: icommand executed by [rods#tempZone] [iadmin mkresc cacheResc 'unixfilesystem' 7637588fa5f5:/var/lib/irods/cacheRescVault] --- 
Assert Command: iadmin mkresc cacheResc 'unixfilesystem' 7637588fa5f5:/var/lib/irods/cacheRescVault
Expecting STDOUT_SINGLELINE: ['cacheResc']
  stdout:
    | Creating resource:
    | Name:		"cacheResc"
    | Type:		"unixfilesystem"
    | Host:		"7637588fa5f5"
    | Path:		"/var/lib/irods/cacheRescVault"
    | Context:	""
  stderr:
    | 
Output found

 --- IrodsSession: icommand executed by [rods#tempZone] [iadmin mkresc archiveResc s3 7637588fa5f5:/irods-ci-ubuntu-2204-2024-04-2703-14-46-257922-zpqkbprcoj/irods/Vault "S3_RETRY_COUNT=15;S3_WAIT_TIME_SECONDS=1;S3_PROTO=HTTP;S3_MPU_CHUNK=10;S3_MPU_THREADS=4;S3_ENABLE_MD5=1;S3_STSDATE=;S3_DEFAULT_HOSTNAME=localhost:9001;S3_AUTH_FILE=/var/lib/irods/minio.keypair;S3_REGIONNAME=eu-central-1;ARCHIVE_NAMING_POLICY=consistent"] --- 
Assert Command: iadmin mkresc archiveResc s3 7637588fa5f5:/irods-ci-ubuntu-2204-2024-04-2703-14-46-257922-zpqkbprcoj/irods/Vault "S3_RETRY_COUNT=15;S3_WAIT_TIME_SECONDS=1;S3_PROTO=HTTP;S3_MPU_CHUNK=10;S3_MPU_THREADS=4;S3_ENABLE_MD5=1;S3_STSDATE=;S3_DEFAULT_HOSTNAME=localhost:9001;S3_AUTH_FILE=/var/lib/irods/minio.keypair;S3_REGIONNAME=eu-central-1;ARCHIVE_NAMING_POLICY=consistent"
Expecting STDOUT_SINGLELINE: ['archiveResc']
  stdout:
    | Creating resource:
    | Name:		"archiveResc"
    | Type:		"s3"
    | Host:		"7637588fa5f5"
    | Path:		"/irods-ci-ubuntu-2204-2024-04-2703-14-46-257922-zpqkbprcoj/irods/Vault"
    | Context:	"S3_RETRY_COUNT=15;S3_WAIT_TIME_SECONDS=1;S3_PROTO=HTTP;S3_MPU_CHUNK=10;S3_MPU_THREADS=4;S3_ENABLE_MD5=1;S3_STSDATE=;S3_DEFAULT_HOSTNAME=localhost:9001;S3_AUTH_FILE=/var/lib/irods/minio.keypair;S3_REGIONNAME=eu-central-1;ARCHIVE_NAMING_POLICY=consistent"
  stderr:
    | 
Output found

 --- IrodsSession: icommand executed by [rods#tempZone] [iadmin addchildtoresc demoResc cacheResc cache] --- 
Assert Command: iadmin addchildtoresc demoResc cacheResc cache
Expecting EMPTY: ['']
  stdout:
    | 
  stderr:
    | 
Output found

 --- IrodsSession: icommand executed by [rods#tempZone] [iadmin addchildtoresc demoResc archiveResc archive] --- 
Assert Command: iadmin addchildtoresc demoResc archiveResc archive
Expecting EMPTY: ['']
  stdout:
    | 
  stderr:
    | 
Output found

 --- IrodsSession: icommand executed by [rods#tempZone] [iinit] --- 
Assert Command: iinit
Expecting STDOUT_SINGLELINE: ['']
  stdout:
    | WARNING: Error 25 disabling echo mode. Password will be displayed in plaintext.
    | Enter your current iRODS password:
  stderr:
    | 
Output found

 --- IrodsSession: icommand executed by [rods#tempZone] [iinit] --- 
Assert Command: iinit
Expecting STDOUT_SINGLELINE: ['']
  stdout:
    | WARNING: Error 25 disabling echo mode. Password will be displayed in plaintext.
    | Enter your current iRODS password:
  stderr:
    | 
Output found

 --- IrodsSession: icommand executed by [rods#tempZone] [iadmin mkuser otherrods rodsadmin] --- 
Assert Command: iadmin mkuser otherrods rodsadmin
Expecting EMPTY: ['']
  stdout:
    | 
  stderr:
    | 
Output found

 --- IrodsSession: icommand executed by [rods#tempZone] [iadmin moduser otherrods password rods] --- 
Assert Command: iadmin moduser otherrods password rods
Expecting EMPTY: ['']
  stdout:
    | 
  stderr:
    | 
Output found

 --- IrodsSession: icommand executed by [otherrods#tempZone] [iinit] --- 
Assert Command: iinit
Expecting STDOUT_SINGLELINE: ['']
  stdout:
    | WARNING: Error 25 disabling echo mode. Password will be displayed in plaintext.
    | Enter your current iRODS password:
  stderr:
    | 
Output found

 --- IrodsSession: icommand executed by [otherrods#tempZone] [imkdir /tempZone/home/otherrods/2024-04-27Z03:14:48--irods-testing-xucta8tf] --- 
Assert Command: imkdir /tempZone/home/otherrods/2024-04-27Z03:14:48--irods-testing-xucta8tf
Expecting EMPTY: ['']
  stdout:
    | 
  stderr:
    | 
Output found

 --- IrodsSession: icommand executed by [otherrods#tempZone] [icd /tempZone/home/otherrods/2024-04-27Z03:14:48--irods-testing-xucta8tf] --- 
Assert Command: icd /tempZone/home/otherrods/2024-04-27Z03:14:48--irods-testing-xucta8tf
Expecting EMPTY: ['']
  stdout:
    | 
  stderr:
    | 
Output found

 --- IrodsSession: icommand executed by [rods#tempZone] [iinit] --- 
Assert Command: iinit
Expecting STDOUT_SINGLELINE: ['']
  stdout:
    | WARNING: Error 25 disabling echo mode. Password will be displayed in plaintext.
    | Enter your current iRODS password:
  stderr:
    | 
Output found

 --- IrodsSession: icommand executed by [rods#tempZone] [iadmin mkuser alice rodsuser] --- 
Assert Command: iadmin mkuser alice rodsuser
Expecting EMPTY: ['']
  stdout:
    | 
  stderr:
    | 
Output found

 --- IrodsSession: icommand executed by [rods#tempZone] [iadmin moduser alice password apass] --- 
Assert Command: iadmin moduser alice password apass
Expecting EMPTY: ['']
  stdout:
    | 
  stderr:
    | 
Output found

 --- IrodsSession: icommand executed by [alice#tempZone] [iinit] --- 
Assert Command: iinit
Expecting STDOUT_SINGLELINE: ['']
  stdout:
    | WARNING: Error 25 disabling echo mode. Password will be displayed in plaintext.
    | Enter your current iRODS password:
  stderr:
    | 
Output found

 --- IrodsSession: icommand executed by [alice#tempZone] [imkdir /tempZone/home/alice/2024-04-27Z03:14:50--irods-testing-hkbf9alx] --- 
Assert Command: imkdir /tempZone/home/alice/2024-04-27Z03:14:50--irods-testing-hkbf9alx
Expecting EMPTY: ['']
  stdout:
    | 
  stderr:
    | 
Output found

 --- IrodsSession: icommand executed by [alice#tempZone] [icd /tempZone/home/alice/2024-04-27Z03:14:50--irods-testing-hkbf9alx] --- 
Assert Command: icd /tempZone/home/alice/2024-04-27Z03:14:50--irods-testing-hkbf9alx
Expecting EMPTY: ['']
  stdout:
    | 
  stderr:
    | 
Output found

 --- IrodsSession: icommand executed by [rods#tempZone] [iinit] --- 
Assert Command: iinit
Expecting STDOUT_SINGLELINE: ['']
  stdout:
    | WARNING: Error 25 disabling echo mode. Password will be displayed in plaintext.
    | Enter your current iRODS password:
  stderr:
    | 
Output found

 --- IrodsSession: icommand executed by [rods#tempZone] [iadmin mkuser bobby rodsuser] --- 
Assert Command: iadmin mkuser bobby rodsuser
Expecting EMPTY: ['']
  stdout:
    | 
  stderr:
    | 
Output found

 --- IrodsSession: icommand executed by [rods#tempZone] [iadmin moduser bobby password bpass] --- 
Assert Command: iadmin moduser bobby password bpass
Expecting EMPTY: ['']
  stdout:
    | 
  stderr:
    | 
Output found

 --- IrodsSession: icommand executed by [bobby#tempZone] [iinit] --- 
Assert Command: iinit
Expecting STDOUT_SINGLELINE: ['']
  stdout:
    | WARNING: Error 25 disabling echo mode. Password will be displayed in plaintext.
    | Enter your current iRODS password:
  stderr:
    | 
Output found

 --- IrodsSession: icommand executed by [bobby#tempZone] [imkdir /tempZone/home/bobby/2024-04-27Z03:14:51--irods-testing-95jm5b1v] --- 
Assert Command: imkdir /tempZone/home/bobby/2024-04-27Z03:14:51--irods-testing-95jm5b1v
Expecting EMPTY: ['']
  stdout:
    | 
  stderr:
    | 
Output found

 --- IrodsSession: icommand executed by [bobby#tempZone] [icd /tempZone/home/bobby/2024-04-27Z03:14:51--irods-testing-95jm5b1v] --- 
Assert Command: icd /tempZone/home/bobby/2024-04-27Z03:14:51--irods-testing-95jm5b1v
Expecting EMPTY: ['']
  stdout:
    | 
  stderr:
    | 
Output found

run_resource_setup - BEGIN
 --- IrodsSession: icommand executed by [otherrods#tempZone] [iadmin mkresc TestResc unixfilesystem 7637588fa5f5:/tmp/irods/TestResc] --- 
Assert Command: iadmin mkresc TestResc unixfilesystem 7637588fa5f5:/tmp/irods/TestResc
Expecting STDOUT_SINGLELINE: ['unixfilesystem']
  stdout:
    | Creating resource:
    | Name:		"TestResc"
    | Type:		"unixfilesystem"
    | Host:		"7637588fa5f5"
    | Path:		"/tmp/irods/TestResc"
    | Context:	""
  stderr:
    | 
Output found

 --- IrodsSession: icommand executed by [otherrods#tempZone] [iadmin mkresc AnotherResc unixfilesystem 7637588fa5f5:/tmp/irods/AnotherResc] --- 
Assert Command: iadmin mkresc AnotherResc unixfilesystem 7637588fa5f5:/tmp/irods/AnotherResc
Expecting STDOUT_SINGLELINE: ['unixfilesystem']
  stdout:
    | Creating resource:
    | Name:		"AnotherResc"
    | Type:		"unixfilesystem"
    | Host:		"7637588fa5f5"
    | Path:		"/tmp/irods/AnotherResc"
    | Context:	""
  stderr:
    | 
Output found

 --- IrodsSession: icommand executed by [otherrods#tempZone] [imkdir testdir] --- 
Assert Command: imkdir testdir
Expecting EMPTY: ['']
  stdout:
    | 
  stderr:
    | 
Output found

 --- IrodsSession: icommand executed by [otherrods#tempZone] [iput testfile.txt] --- 
Assert Command: iput testfile.txt
Expecting EMPTY: ['']
  stdout:
    | 
  stderr:
    | 
Output found

 --- IrodsSession: icommand executed by [otherrods#tempZone] [icp testfile.txt ../../public/] --- 
Assert Command: icp testfile.txt ../../public/
Expecting EMPTY: ['']
  stdout:
    | 
  stderr:
    | 
Output found

 --- IrodsSession: icommand executed by [otherrods#tempZone] [ichmod read alice ../../public/testfile.txt] --- 
Assert Command: ichmod read alice ../../public/testfile.txt
Expecting EMPTY: ['']
  stdout:
    | 
  stderr:
    | 
Output found

 --- IrodsSession: icommand executed by [otherrods#tempZone] [ichmod write bobby ../../public/testfile.txt] --- 
Assert Command: ichmod write bobby ../../public/testfile.txt
Expecting EMPTY: ['']
  stdout:
    | 
  stderr:
    | 
Output found

run_resource_setup - END
 --- IrodsSession: icommand executed by [otherrods#tempZone] [iadmin mkresc thirdresc unixfilesystem 7637588fa5f5:/tmp/thirdrescVault] --- 
Assert Command: iadmin mkresc thirdresc unixfilesystem 7637588fa5f5:/tmp/thirdrescVault
Expecting STDOUT_SINGLELINE: ['Creating']
  stdout:
    | Creating resource:
    | Name:		"thirdresc"
    | Type:		"unixfilesystem"
    | Host:		"7637588fa5f5"
    | Path:		"/tmp/thirdrescVault"
    | Context:	""
  stderr:
    | 
Output found

 --- IrodsSession: icommand executed by [otherrods#tempZone] [ils -L thirdreplicatest.txt] --- 
Assert Command: ils -L thirdreplicatest.txt
Expecting STDERR_SINGLELINE: ['does not exist']
  stdout:
    | 
  stderr:
    | remote addresses: 10.201.43.25 ERROR: lsUtil: srcPath /tempZone/home/otherrods/2024-04-27Z03:14:48--irods-testing-xucta8tf/thirdreplicatest.txt does not exist or user lacks access permission
Output found

 --- IrodsSession: icommand executed by [otherrods#tempZone] [iput thirdreplicatest.txt] --- 
Assert Command: iput thirdreplicatest.txt
Expecting EMPTY: ['']
  stdout:
    | 
  stderr:
    | 
Output found

 --- IrodsSession: icommand executed by [otherrods#tempZone] [irepl -R TestResc thirdreplicatest.txt] --- 
Assert Command: irepl -R TestResc thirdreplicatest.txt
Expecting EMPTY: ['']
  stdout:
    | 
  stderr:
    | 
Output found

 --- IrodsSession: icommand executed by [otherrods#tempZone] [irepl -R thirdresc thirdreplicatest.txt] --- 
Assert Command: irepl -R thirdresc thirdreplicatest.txt
Expecting EMPTY: ['']
  stdout:
    | 
  stderr:
    | 
Output found

 --- IrodsSession: icommand executed by [otherrods#tempZone] [irepl thirdreplicatest.txt] --- 
Assert Command: irepl thirdreplicatest.txt
Expecting STDERR: ['SYS_NOT_ALLOWED']
  stdout:
    | 
  stderr:
    | 
Output not found

FAILED TESTING ASSERTION


run_resource_teardown - BEGIN
 --- IrodsSession: icommand executed by [otherrods#tempZone] [icd] --- 
 --- IrodsSession: icommand executed by [otherrods#tempZone] [irm testfile.txt ../public/testfile.txt] --- 
 --- IrodsSession: icommand executed by [otherrods#tempZone] [irm -rf ../../bundle] --- 
 --- IrodsSession: icommand executed by [rods#tempZone] [iinit] --- 
Assert Command: iinit
Expecting STDOUT_SINGLELINE: ['']
  stdout:
    | WARNING: Error 25 disabling echo mode. Password will be displayed in plaintext.
    | Enter your current iRODS password:
  stderr:
    | 
Output found

 --- IrodsSession: icommand executed by [otherrods#tempZone] [icd] --- 
Assert Command: icd
Expecting EMPTY: ['']
  stdout:
    | 
  stderr:
    | 
Output found

 --- IrodsSession: icommand executed by [otherrods#tempZone] [irm -rf /tempZone/home/otherrods/2024-04-27Z03:14:48--irods-testing-xucta8tf] --- 
Assert Command: irm -rf /tempZone/home/otherrods/2024-04-27Z03:14:48--irods-testing-xucta8tf
Expecting EMPTY: ['']
  stdout:
    | 
  stderr:
    | 
Output found

 --- IrodsSession: icommand executed by [otherrods#tempZone] [irmtrash] --- 
Assert Command: irmtrash
Expecting EMPTY: ['']
  stdout:
    | 
  stderr:
    | 
Output found

 --- IrodsSession: icommand executed by [rods#tempZone] [iadmin rmuser otherrods] --- 
Assert Command: iadmin rmuser otherrods
Expecting EMPTY: ['']
  stdout:
    | 
  stderr:
    | 
Output found

 --- IrodsSession: icommand executed by [alice#tempZone] [icd] --- 
Assert Command: icd
Expecting EMPTY: ['']
  stdout:
    | 
  stderr:
    | 
Output found

 --- IrodsSession: icommand executed by [alice#tempZone] [irm -rf /tempZone/home/alice/2024-04-27Z03:14:50--irods-testing-hkbf9alx] --- 
Assert Command: irm -rf /tempZone/home/alice/2024-04-27Z03:14:50--irods-testing-hkbf9alx
Expecting EMPTY: ['']
  stdout:
    | 
  stderr:
    | 
Output found

 --- IrodsSession: icommand executed by [alice#tempZone] [irmtrash] --- 
Assert Command: irmtrash
Expecting EMPTY: ['']
  stdout:
    | 
  stderr:
    | 
Output found

 --- IrodsSession: icommand executed by [rods#tempZone] [iadmin rmuser alice] --- 
Assert Command: iadmin rmuser alice
Expecting EMPTY: ['']
  stdout:
    | 
  stderr:
    | 
Output found

 --- IrodsSession: icommand executed by [bobby#tempZone] [icd] --- 
Assert Command: icd
Expecting EMPTY: ['']
  stdout:
    | 
  stderr:
    | 
Output found

 --- IrodsSession: icommand executed by [bobby#tempZone] [irm -rf /tempZone/home/bobby/2024-04-27Z03:14:51--irods-testing-95jm5b1v] --- 
Assert Command: irm -rf /tempZone/home/bobby/2024-04-27Z03:14:51--irods-testing-95jm5b1v
Expecting EMPTY: ['']
  stdout:
    | 
  stderr:
    | 
Output found

 --- IrodsSession: icommand executed by [bobby#tempZone] [irmtrash] --- 
Assert Command: irmtrash
Expecting EMPTY: ['']
  stdout:
    | 
  stderr:
    | 
Output found

 --- IrodsSession: icommand executed by [rods#tempZone] [iadmin rmuser bobby] --- 
Assert Command: iadmin rmuser bobby
Expecting EMPTY: ['']
  stdout:
    | 
  stderr:
    | 
Output found

 --- IrodsSession: icommand executed by [rods#tempZone] [iinit] --- 
Assert Command: iinit
Expecting STDOUT_SINGLELINE: ['']
  stdout:
    | WARNING: Error 25 disabling echo mode. Password will be displayed in plaintext.
    | Enter your current iRODS password:
  stderr:
    | 
Output found

 --- IrodsSession: icommand executed by [rods#tempZone] [irmtrash -M] --- 
 --- IrodsSession: icommand executed by [rods#tempZone] [iadmin rmresc TestResc] --- 
 --- IrodsSession: icommand executed by [rods#tempZone] [iadmin rmresc AnotherResc] --- 
run_resource_teardown - END
 --- IrodsSession: icommand executed by [rods#tempZone] [iinit] --- 
Assert Command: iinit
Expecting STDOUT_SINGLELINE: ['']
  stdout:
    | WARNING: Error 25 disabling echo mode. Password will be displayed in plaintext.
    | Enter your current iRODS password:
  stderr:
    | 
Output found

 --- IrodsSession: icommand executed by [rods#tempZone] [iadmin rmchildfromresc demoResc archiveResc] --- 
Assert Command: iadmin rmchildfromresc demoResc archiveResc
Expecting EMPTY: ['']
  stdout:
    | 
  stderr:
    | 
Output found

 --- IrodsSession: icommand executed by [rods#tempZone] [iadmin rmchildfromresc demoResc cacheResc] --- 
Assert Command: iadmin rmchildfromresc demoResc cacheResc
Expecting EMPTY: ['']
  stdout:
    | 
  stderr:
    | 
Output found

 --- IrodsSession: icommand executed by [rods#tempZone] [iadmin rmresc archiveResc] --- 
Assert Command: iadmin rmresc archiveResc
Expecting EMPTY: ['']
  stdout:
    | 
  stderr:
    | 
Output found

 --- IrodsSession: icommand executed by [rods#tempZone] [iadmin rmresc cacheResc] --- 
Assert Command: iadmin rmresc cacheResc
Expecting EMPTY: ['']
  stdout:
    | 
  stderr:
    | 
Output found

 --- IrodsSession: icommand executed by [rods#tempZone] [iadmin rmresc demoResc] --- 
Assert Command: iadmin rmresc demoResc
Expecting EMPTY: ['']
  stdout:
    | 
  stderr:
    | 
Output found

 --- IrodsSession: icommand executed by [rods#tempZone] [iadmin modresc origResc name demoResc] --- 
Assert Command: iadmin modresc origResc name demoResc
Expecting STDOUT_SINGLELINE: ['rename']
  stdout:
    | If you modify a resource name, you and other users will need to
    | change your irods_environment.json files to use it, you may need to update
    | server_config.json and, if rules use the resource name, you'll need to
    | update the core rules (core.re).  This command will update various
    | tables with the new name.
    | Do you really want to modify the resource name? (enter y or yes to do so):OK, performing the resource rename
  stderr:
    | 
Output found

]]></system-out>
	<system-err><![CDATA[]]></system-err>
</testsuite>
